c:\users\est_f_000\documents\omaro\programs\build 0.0\build-0.0\build 0.0\build 0.0\debug\build 0.0.pch.codeanalysis
c:\users\est_f_000\documents\omaro\programs\build 0.0\build-0.0\build 0.0\build 0.0\debug\vc140.pdb
c:\users\est_f_000\documents\omaro\programs\build 0.0\build-0.0\build 0.0\build 0.0\debug\vc140.idb
c:\users\est_f_000\documents\omaro\programs\build 0.0\build-0.0\build 0.0\build 0.0\debug\build 0.0.pch.codeanalysisast
c:\users\est_f_000\documents\omaro\programs\build 0.0\build-0.0\build 0.0\build 0.0\debug\stdafx.nativecodeanalysis.xml
c:\users\est_f_000\documents\omaro\programs\build 0.0\build-0.0\build 0.0\build 0.0\debug\build 0.0.pch
c:\users\est_f_000\documents\omaro\programs\build 0.0\build-0.0\build 0.0\build 0.0\debug\stdafx.obj
c:\users\est_f_000\documents\omaro\programs\build 0.0\build-0.0\build 0.0\build 0.0\debug\bodybasics.nativecodeanalysis.xml
c:\users\est_f_000\documents\omaro\programs\build 0.0\build-0.0\build 0.0\build 0.0\debug\build 0.0.nativecodeanalysis.xml
c:\users\est_f_000\documents\omaro\programs\build 0.0\build-0.0\build 0.0\build 0.0\debug\gui.nativecodeanalysis.xml
c:\users\est_f_000\documents\omaro\programs\build 0.0\build-0.0\build 0.0\build 0.0\debug\optibody.nativecodeanalysis.xml
c:\users\est_f_000\documents\omaro\programs\build 0.0\build-0.0\build 0.0\build 0.0\debug\optibodystructs.nativecodeanalysis.xml
c:\users\est_f_000\documents\omaro\programs\build 0.0\build-0.0\build 0.0\build 0.0\debug\optibodystructs.obj
c:\users\est_f_000\documents\omaro\programs\build 0.0\build-0.0\build 0.0\build 0.0\debug\optibody.obj
c:\users\est_f_000\documents\omaro\programs\build 0.0\build-0.0\build 0.0\build 0.0\debug\gui.obj
c:\users\est_f_000\documents\omaro\programs\build 0.0\build-0.0\build 0.0\build 0.0\debug\build 0.0.obj
c:\users\est_f_000\documents\omaro\programs\build 0.0\build-0.0\build 0.0\build 0.0\debug\bodybasics.obj
c:\users\est_f_000\documents\omaro\programs\build 0.0\build-0.0\build 0.0\build 0.0\debug\appmanager.obj
c:\users\est_f_000\documents\omaro\programs\build 0.0\build-0.0\build 0.0\debug\build 0.0.exe
c:\users\est_f_000\documents\omaro\programs\build 0.0\build-0.0\build 0.0\debug\build 0.0.pdb
c:\users\est_f_000\documents\omaro\programs\build 0.0\build-0.0\build 0.0\build 0.0\debug\build 0.0.res
c:\users\est_f_000\documents\omaro\programs\build 0.0\build-0.0\build 0.0\build 0.0\debug\nativecodeanalysis.read.1.tlog
c:\users\est_f_000\documents\omaro\programs\build 0.0\build-0.0\build 0.0\build 0.0\debug\vc.nativecodeanalysis.all.xml
c:\users\est_f_000\documents\omaro\programs\build 0.0\build-0.0\build 0.0\debug\build 0.0.exe.lastcodeanalysissucceeded
c:\users\est_f_000\documents\omaro\programs\build 0.0\build-0.0\build 0.0\build 0.0\debug\build 0.0.tlog\cl.command.1.tlog
c:\users\est_f_000\documents\omaro\programs\build 0.0\build-0.0\build 0.0\build 0.0\debug\build 0.0.tlog\cl.read.1.tlog
c:\users\est_f_000\documents\omaro\programs\build 0.0\build-0.0\build 0.0\build 0.0\debug\build 0.0.tlog\cl.write.1.tlog
c:\users\est_f_000\documents\omaro\programs\build 0.0\build-0.0\build 0.0\build 0.0\debug\build 0.0.tlog\link.command.1.tlog
c:\users\est_f_000\documents\omaro\programs\build 0.0\build-0.0\build 0.0\build 0.0\debug\build 0.0.tlog\link.read.1.tlog
c:\users\est_f_000\documents\omaro\programs\build 0.0\build-0.0\build 0.0\build 0.0\debug\build 0.0.tlog\link.write.1.tlog
c:\users\est_f_000\documents\omaro\programs\build 0.0\build-0.0\build 0.0\build 0.0\debug\build 0.0.tlog\rc.command.1.tlog
c:\users\est_f_000\documents\omaro\programs\build 0.0\build-0.0\build 0.0\build 0.0\debug\build 0.0.tlog\rc.read.1.tlog
c:\users\est_f_000\documents\omaro\programs\build 0.0\build-0.0\build 0.0\build 0.0\debug\build 0.0.tlog\rc.write.1.tlog
