c:\users\est_f_000\documents\omaro\programs\build 0.0\build-0.0\build 0.0\build 0.0\release\build 0.0.pch
c:\users\est_f_000\documents\omaro\programs\build 0.0\build-0.0\build 0.0\build 0.0\release\vc140.pdb
c:\users\est_f_000\documents\omaro\programs\build 0.0\build-0.0\build 0.0\build 0.0\release\stdafx.obj
c:\users\est_f_000\documents\omaro\programs\build 0.0\build-0.0\build 0.0\build 0.0\release\optibodystructs.obj
c:\users\est_f_000\documents\omaro\programs\build 0.0\build-0.0\build 0.0\build 0.0\release\optibody.obj
c:\users\est_f_000\documents\omaro\programs\build 0.0\build-0.0\build 0.0\build 0.0\release\gui.obj
c:\users\est_f_000\documents\omaro\programs\build 0.0\build-0.0\build 0.0\build 0.0\release\build 0.0.obj
c:\users\est_f_000\documents\omaro\programs\build 0.0\build-0.0\build 0.0\build 0.0\release\bodybasics.obj
c:\users\est_f_000\documents\omaro\programs\build 0.0\build-0.0\build 0.0\build 0.0\release\appmanager.obj
c:\users\est_f_000\documents\omaro\programs\build 0.0\build-0.0\build 0.0\release\build 0.0.exe
c:\users\est_f_000\documents\omaro\programs\build 0.0\build-0.0\build 0.0\release\build 0.0.ipdb
c:\users\est_f_000\documents\omaro\programs\build 0.0\build-0.0\build 0.0\release\build 0.0.iobj
c:\users\est_f_000\documents\omaro\programs\build 0.0\build-0.0\build 0.0\release\build 0.0.pdb
c:\users\est_f_000\documents\omaro\programs\build 0.0\build-0.0\build 0.0\build 0.0\release\build 0.0.res
c:\users\est_f_000\documents\omaro\programs\build 0.0\build-0.0\build 0.0\build 0.0\release\build 0.0.tlog\cl.command.1.tlog
c:\users\est_f_000\documents\omaro\programs\build 0.0\build-0.0\build 0.0\build 0.0\release\build 0.0.tlog\cl.read.1.tlog
c:\users\est_f_000\documents\omaro\programs\build 0.0\build-0.0\build 0.0\build 0.0\release\build 0.0.tlog\cl.write.1.tlog
c:\users\est_f_000\documents\omaro\programs\build 0.0\build-0.0\build 0.0\build 0.0\release\build 0.0.tlog\link.command.1.tlog
c:\users\est_f_000\documents\omaro\programs\build 0.0\build-0.0\build 0.0\build 0.0\release\build 0.0.tlog\link.read.1.tlog
c:\users\est_f_000\documents\omaro\programs\build 0.0\build-0.0\build 0.0\build 0.0\release\build 0.0.tlog\link.write.1.tlog
c:\users\est_f_000\documents\omaro\programs\build 0.0\build-0.0\build 0.0\build 0.0\release\build 0.0.tlog\rc.command.1.tlog
c:\users\est_f_000\documents\omaro\programs\build 0.0\build-0.0\build 0.0\build 0.0\release\build 0.0.tlog\rc.read.1.tlog
c:\users\est_f_000\documents\omaro\programs\build 0.0\build-0.0\build 0.0\build 0.0\release\build 0.0.tlog\rc.write.1.tlog
